<?xml version="1.0" encoding="utf-8"?><testsuites name="pytest tests"><testsuite name="pytest" errors="0" failures="0" skipped="0" tests="32" time="19.801" timestamp="2026-05-11T21:08:53.059127+00:00" hostname="agent-env-7ea909e4-67f9-4e1f-9c5a-806c8f0fe03a"><testcase classname="backend.tests.test_lost_and_found_api.TestHealth" name="test_health" time="0.295" /><testcase classname="backend.tests.test_lost_and_found_api.TestAuth" name="test_admin_login_success" time="0.389" /><testcase classname="backend.tests.test_lost_and_found_api.TestAuth" name="test_admin_login_wrong_password" time="0.403" /><testcase classname="backend.tests.test_lost_and_found_api.TestAuth" name="test_admin_login_unknown_user" time="0.210" /><testcase classname="backend.tests.test_lost_and_found_api.TestAuth" name="test_me_admin" time="0.520" /><testcase classname="backend.tests.test_lost_and_found_api.TestAuth" name="test_me_no_auth" time="0.107" /><testcase classname="backend.tests.test_lost_and_found_api.TestAuth" name="test_me_student" time="0.515" /><testcase classname="backend.tests.test_lost_and_found_api.TestAuth" name="test_logout" time="0.829" /><testcase classname="backend.tests.test_lost_and_found_api.TestFoundItems" name="test_recent_found_at_least_8" time="0.219" /><testcase classname="backend.tests.test_lost_and_found_api.TestFoundItems" name="test_found_list_filters" time="0.550" /><testcase classname="backend.tests.test_lost_and_found_api.TestFoundItems" name="test_get_found_by_id_and_404" time="0.439" /><testcase classname="backend.tests.test_lost_and_found_api.TestFoundItems" name="test_found_qr_png" time="0.330" /><testcase classname="backend.tests.test_lost_and_found_api.TestFoundItems" name="test_create_found_requires_admin" time="0.286" /><testcase classname="backend.tests.test_lost_and_found_api.TestFoundItems" name="test_admin_create_update_delete_found" time="3.115" /><testcase classname="backend.tests.test_lost_and_found_api.TestLostItems" name="test_student_create_lost" time="0.143" /><testcase classname="backend.tests.test_lost_and_found_api.TestLostItems" name="test_admin_can_also_create_lost" time="0.762" /><testcase classname="backend.tests.test_lost_and_found_api.TestLostItems" name="test_student_sees_only_own_lost" time="2.060" /><testcase classname="backend.tests.test_lost_and_found_api.TestLostItems" name="test_admin_sees_all_lost" time="0.190" /><testcase classname="backend.tests.test_lost_and_found_api.TestLostItems" name="test_public_lost_alerts" time="0.137" /><testcase classname="backend.tests.test_lost_and_found_api.TestLostItems" name="test_get_lost_owner_vs_other_student" time="0.533" /><testcase classname="backend.tests.test_lost_and_found_api.TestAIMatching" name="test_get_matches_for_lost" time="2.117" /><testcase classname="backend.tests.test_lost_and_found_api.TestAIMatching" name="test_refresh_matches" time="1.101" /><testcase classname="backend.tests.test_lost_and_found_api.TestClaims" name="test_create_approve_flow" time="1.502" /><testcase classname="backend.tests.test_lost_and_found_api.TestClaims" name="test_reject_and_request_proof_flow" time="0.723" /><testcase classname="backend.tests.test_lost_and_found_api.TestCentres" name="test_list_seeded" time="0.124" /><testcase classname="backend.tests.test_lost_and_found_api.TestCentres" name="test_centre_crud_admin" time="0.434" /><testcase classname="backend.tests.test_lost_and_found_api.TestCentres" name="test_centre_write_forbidden_no_auth" time="0.290" /><testcase classname="backend.tests.test_lost_and_found_api.TestNotifications" name="test_admin_notifications_and_mark" time="0.539" /><testcase classname="backend.tests.test_lost_and_found_api.TestNotifications" name="test_student_notifications" time="0.149" /><testcase classname="backend.tests.test_lost_and_found_api.TestAnalytics" name="test_admin_analytics" time="0.149" /><testcase classname="backend.tests.test_lost_and_found_api.TestAnalytics" name="test_analytics_requires_admin" time="0.260" /><testcase classname="backend.tests.test_lost_and_found_api.TestLeaderboard" name="test_leaderboard" time="0.300" /></testsuite></testsuites>